<?xml version="1.0" encoding="UTF-8"?>
<!-- Generated by org.testng.reporters.JUnitXMLReporter -->
<testsuite hostname="MDB20LT318" ignored="0" name="Amazon Test" tests="5" failures="2" timestamp="29 Aug 2019 23:35:06 GMT" time="28.559" errors="0">
  <testcase name="AllOptions" time="1.775" classname="com.amazon.qa.testcases.AmazonHomePageTest"/>
  <testcase name="getTitle" time="0.003" classname="com.amazon.qa.testcases.AmazonHomePageTest">
    <failure type="java.lang.NullPointerException">
      <![CDATA[java.lang.NullPointerException
at com.amazon.qa.testcases.AmazonHomePageTest.getTitle(AmazonHomePageTest.java:106)
... Removed 25 stack frames]]>
    </failure>
  </testcase> <!-- getTitle -->
  <testcase name="SelectBooks" time="1.248" classname="com.amazon.qa.testcases.AmazonHomePageTest"/>
  <testcase name="EnterData1" time="11.818" classname="com.amazon.qa.testcases.AmazonHomePageTest"/>
  <testcase name="getLink" time="0.001" classname="com.amazon.qa.testcases.BooksContentPageTest">
    <failure type="java.lang.NullPointerException">
      <![CDATA[java.lang.NullPointerException
at com.amazon.qa.testcases.BooksContentPageTest.getLink(BooksContentPageTest.java:38)
... Removed 25 stack frames]]>
    </failure>
  </testcase> <!-- getLink -->
</testsuite> <!-- Amazon Test -->
