<?xml version="1.0" encoding="UTF-8"?>
<!-- Generated by org.testng.reporters.JUnitXMLReporter -->
<testsuite hostname="MDB20LT318" ignored="0" name="Default test" tests="4" failures="0" timestamp="20 Aug 2019 13:59:14 GMT" time="29.98" errors="0">
  <testcase name="validatePageTitle" time="0.025" classname="com.amazon.qa.testcases.AmazonHomePageTest"/>
  <testcase name="AllOptions" time="2.112" classname="com.amazon.qa.testcases.AmazonHomePageTest"/>
  <testcase name="SelectBooks" time="2.089" classname="com.amazon.qa.testcases.AmazonHomePageTest"/>
  <testcase name="EnterData1" time="12.676" classname="com.amazon.qa.testcases.AmazonHomePageTest"/>
</testsuite> <!-- Default test -->
