<?xml version="1.0" encoding="UTF-8"?>
<testng-results skipped="0" failed="2" ignored="0" total="5" passed="3">
  <reporter-output>
  </reporter-output>
  <suite name="Gogoair" duration-ms="28559" started-at="2019-08-29T23:34:38Z" finished-at="2019-08-29T23:35:06Z">
    <groups>
    </groups>
    <test name="Amazon Test" duration-ms="28559" started-at="2019-08-29T23:34:38Z" finished-at="2019-08-29T23:35:06Z">
      <class name="com.amazon.qa.testcases.BooksContentPageTest">
        <test-method status="FAIL" signature="getLink()[pri:0, instance:com.amazon.qa.testcases.BooksContentPageTest@5f2108b5]" name="getLink" duration-ms="1" started-at="2019-08-29T23:35:06Z" finished-at="2019-08-29T23:35:06Z">
          <exception class="java.lang.NullPointerException">
            <full-stacktrace>
              <![CDATA[java.lang.NullPointerException
at com.amazon.qa.testcases.BooksContentPageTest.getLink(BooksContentPageTest.java:38)
at sun.reflect.NativeMethodAccessorImpl.invoke0(Native Method)
at sun.reflect.NativeMethodAccessorImpl.invoke(NativeMethodAccessorImpl.java:62)
at sun.reflect.DelegatingMethodAccessorImpl.invoke(DelegatingMethodAccessorImpl.java:43)
at java.lang.reflect.Method.invoke(Method.java:498)
at org.testng.internal.MethodInvocationHelper.invokeMethod(MethodInvocationHelper.java:124)
at org.testng.internal.Invoker.invokeMethod(Invoker.java:583)
at org.testng.internal.Invoker.invokeTestMethod(Invoker.java:719)
at org.testng.internal.Invoker.invokeTestMethods(Invoker.java:989)
at org.testng.internal.TestMethodWorker.invokeTestMethods(TestMethodWorker.java:125)
at org.testng.internal.TestMethodWorker.run(TestMethodWorker.java:109)
at org.testng.TestRunner.privateRun(TestRunner.java:648)
at org.testng.TestRunner.run(TestRunner.java:505)
at org.testng.SuiteRunner.runTest(SuiteRunner.java:455)
at org.testng.SuiteRunner.runSequentially(SuiteRunner.java:450)
at org.testng.SuiteRunner.privateRun(SuiteRunner.java:415)
at org.testng.SuiteRunner.run(SuiteRunner.java:364)
at org.testng.SuiteRunnerWorker.runSuite(SuiteRunnerWorker.java:52)
at org.testng.SuiteRunnerWorker.run(SuiteRunnerWorker.java:84)
at org.testng.TestNG.runSuitesSequentially(TestNG.java:1208)
at org.testng.TestNG.runSuitesLocally(TestNG.java:1137)
at org.testng.TestNG.runSuites(TestNG.java:1049)
at org.testng.TestNG.run(TestNG.java:1017)
at org.testng.remote.AbstractRemoteTestNG.run(AbstractRemoteTestNG.java:115)
at org.testng.remote.RemoteTestNG.initAndRun(RemoteTestNG.java:251)
at org.testng.remote.RemoteTestNG.main(RemoteTestNG.java:77)
]]>
            </full-stacktrace>
          </exception> <!-- java.lang.NullPointerException -->
          <reporter-output>
          </reporter-output>
        </test-method> <!-- getLink -->
        <test-method status="PASS" signature="getrepotr()[pri:0, instance:com.amazon.qa.testcases.BooksContentPageTest@5f2108b5]" name="getrepotr" is-config="true" duration-ms="0" started-at="2019-08-29T23:35:06Z" finished-at="2019-08-29T23:35:06Z">
          <reporter-output>
          </reporter-output>
        </test-method> <!-- getrepotr -->
      </class> <!-- com.amazon.qa.testcases.BooksContentPageTest -->
      <class name="com.amazon.qa.testcases.AmazonHomePageTest">
        <test-method status="PASS" signature="setUp()[pri:0, instance:com.amazon.qa.testcases.AmazonHomePageTest@e45f292]" name="setUp" is-config="true" duration-ms="12443" started-at="2019-08-29T23:34:38Z" finished-at="2019-08-29T23:34:50Z">
          <reporter-output>
          </reporter-output>
        </test-method> <!-- setUp -->
        <test-method status="PASS" signature="AllOptions()[pri:0, instance:com.amazon.qa.testcases.AmazonHomePageTest@e45f292]" name="AllOptions" duration-ms="1775" started-at="2019-08-29T23:34:50Z" finished-at="2019-08-29T23:34:52Z">
          <reporter-output>
          </reporter-output>
        </test-method> <!-- AllOptions -->
        <test-method status="FAIL" signature="getTitle()[pri:0, instance:com.amazon.qa.testcases.AmazonHomePageTest@e45f292]" name="getTitle" duration-ms="3" started-at="2019-08-29T23:34:52Z" finished-at="2019-08-29T23:34:52Z">
          <exception class="java.lang.NullPointerException">
            <full-stacktrace>
              <![CDATA[java.lang.NullPointerException
at com.amazon.qa.testcases.AmazonHomePageTest.getTitle(AmazonHomePageTest.java:106)
at sun.reflect.NativeMethodAccessorImpl.invoke0(Native Method)
at sun.reflect.NativeMethodAccessorImpl.invoke(NativeMethodAccessorImpl.java:62)
at sun.reflect.DelegatingMethodAccessorImpl.invoke(DelegatingMethodAccessorImpl.java:43)
at java.lang.reflect.Method.invoke(Method.java:498)
at org.testng.internal.MethodInvocationHelper.invokeMethod(MethodInvocationHelper.java:124)
at org.testng.internal.Invoker.invokeMethod(Invoker.java:583)
at org.testng.internal.Invoker.invokeTestMethod(Invoker.java:719)
at org.testng.internal.Invoker.invokeTestMethods(Invoker.java:989)
at org.testng.internal.TestMethodWorker.invokeTestMethods(TestMethodWorker.java:125)
at org.testng.internal.TestMethodWorker.run(TestMethodWorker.java:109)
at org.testng.TestRunner.privateRun(TestRunner.java:648)
at org.testng.TestRunner.run(TestRunner.java:505)
at org.testng.SuiteRunner.runTest(SuiteRunner.java:455)
at org.testng.SuiteRunner.runSequentially(SuiteRunner.java:450)
at org.testng.SuiteRunner.privateRun(SuiteRunner.java:415)
at org.testng.SuiteRunner.run(SuiteRunner.java:364)
at org.testng.SuiteRunnerWorker.runSuite(SuiteRunnerWorker.java:52)
at org.testng.SuiteRunnerWorker.run(SuiteRunnerWorker.java:84)
at org.testng.TestNG.runSuitesSequentially(TestNG.java:1208)
at org.testng.TestNG.runSuitesLocally(TestNG.java:1137)
at org.testng.TestNG.runSuites(TestNG.java:1049)
at org.testng.TestNG.run(TestNG.java:1017)
at org.testng.remote.AbstractRemoteTestNG.run(AbstractRemoteTestNG.java:115)
at org.testng.remote.RemoteTestNG.initAndRun(RemoteTestNG.java:251)
at org.testng.remote.RemoteTestNG.main(RemoteTestNG.java:77)
]]>
            </full-stacktrace>
          </exception> <!-- java.lang.NullPointerException -->
          <reporter-output>
          </reporter-output>
        </test-method> <!-- getTitle -->
        <test-method status="PASS" signature="SelectBooks()[pri:0, instance:com.amazon.qa.testcases.AmazonHomePageTest@e45f292]" name="SelectBooks" duration-ms="1248" started-at="2019-08-29T23:34:52Z" depends-on-methods="com.amazon.qa.testcases.AmazonHomePageTest.AllOptions" finished-at="2019-08-29T23:34:53Z">
          <reporter-output>
          </reporter-output>
        </test-method> <!-- SelectBooks -->
        <test-method status="PASS" signature="EnterData1()[pri:0, instance:com.amazon.qa.testcases.AmazonHomePageTest@e45f292]" name="EnterData1" duration-ms="11818" started-at="2019-08-29T23:34:53Z" depends-on-methods="com.amazon.qa.testcases.AmazonHomePageTest.SelectBooks" finished-at="2019-08-29T23:35:05Z">
          <reporter-output>
          </reporter-output>
        </test-method> <!-- EnterData1 -->
        <test-method status="PASS" signature="getrepotr()[pri:0, instance:com.amazon.qa.testcases.AmazonHomePageTest@e45f292]" name="getrepotr" is-config="true" duration-ms="1231" started-at="2019-08-29T23:35:05Z" finished-at="2019-08-29T23:35:06Z">
          <reporter-output>
          </reporter-output>
        </test-method> <!-- getrepotr -->
      </class> <!-- com.amazon.qa.testcases.AmazonHomePageTest -->
    </test> <!-- Amazon Test -->
  </suite> <!-- Gogoair -->
</testng-results>
