<?xml version="1.0" encoding="UTF-8"?>
<testng-results skipped="0" failed="0" ignored="0" total="4" passed="4">
  <reporter-output>
  </reporter-output>
  <suite name="Default suite" duration-ms="29980" started-at="2019-08-20T13:58:44Z" finished-at="2019-08-20T13:59:14Z">
    <groups>
    </groups>
    <test name="Default test" duration-ms="29980" started-at="2019-08-20T13:58:44Z" finished-at="2019-08-20T13:59:14Z">
      <class name="com.amazon.qa.testcases.AmazonHomePageTest">
        <test-method status="PASS" signature="setUp()[pri:0, instance:com.amazon.qa.testcases.AmazonHomePageTest@464bee09]" name="setUp" is-config="true" duration-ms="13026" started-at="2019-08-20T13:58:44Z" finished-at="2019-08-20T13:58:57Z">
          <reporter-output>
          </reporter-output>
        </test-method> <!-- setUp -->
        <test-method status="PASS" signature="validatePageTitle()[pri:0, instance:com.amazon.qa.testcases.AmazonHomePageTest@464bee09]" name="validatePageTitle" duration-ms="25" started-at="2019-08-20T13:58:57Z" finished-at="2019-08-20T13:58:57Z">
          <reporter-output>
          </reporter-output>
        </test-method> <!-- validatePageTitle -->
        <test-method status="PASS" signature="AllOptions()[pri:0, instance:com.amazon.qa.testcases.AmazonHomePageTest@464bee09]" name="AllOptions" duration-ms="2112" started-at="2019-08-20T13:58:57Z" depends-on-methods="com.amazon.qa.testcases.AmazonHomePageTest.validatePageTitle" finished-at="2019-08-20T13:58:59Z">
          <reporter-output>
          </reporter-output>
        </test-method> <!-- AllOptions -->
        <test-method status="PASS" signature="SelectBooks()[pri:0, instance:com.amazon.qa.testcases.AmazonHomePageTest@464bee09]" name="SelectBooks" duration-ms="2089" started-at="2019-08-20T13:58:59Z" depends-on-methods="com.amazon.qa.testcases.AmazonHomePageTest.AllOptions" finished-at="2019-08-20T13:59:01Z">
          <reporter-output>
          </reporter-output>
        </test-method> <!-- SelectBooks -->
        <test-method status="PASS" signature="EnterData1()[pri:0, instance:com.amazon.qa.testcases.AmazonHomePageTest@464bee09]" name="EnterData1" duration-ms="12676" started-at="2019-08-20T13:59:01Z" depends-on-methods="com.amazon.qa.testcases.AmazonHomePageTest.SelectBooks" finished-at="2019-08-20T13:59:14Z">
          <reporter-output>
          </reporter-output>
        </test-method> <!-- EnterData1 -->
      </class> <!-- com.amazon.qa.testcases.AmazonHomePageTest -->
    </test> <!-- Default test -->
  </suite> <!-- Default suite -->
</testng-results>
